-------------------------------------------------------------------------------
Test set: com.example.demo.DemoApplicationTests
-------------------------------------------------------------------------------
Tests run: 1, Failures: 0, Errors: 1, Skipped: 0, Time elapsed: 14.812 s <<< FAILURE! - in com.example.demo.DemoApplicationTests
contextLoads  Time elapsed: 0 s  <<< ERROR!
java.lang.IllegalStateException: Failed to load ApplicationContext
Caused by: org.springframework.beans.factory.UnsatisfiedDependencyException: Error creating bean with name 'userController': Unsatisfied dependency expressed through field 'userRepository'; nested exception is org.springframework.beans.factory.BeanCreationException: Error creating bean with name 'userRepository' defined in com.example.demo.repository.UserRepository defined in @EnableCassandraRepositories declared on CassandraRepositoriesRegistrar.EnableCassandraRepositoriesConfiguration: Cannot resolve reference to bean 'cassandraTemplate' while setting bean property 'cassandraTemplate'; nested exception is org.springframework.beans.factory.BeanCreationException: Error creating bean with name 'cassandraTemplate' defined in class path resource [com/example/demo/configuration/CassandraConfig.class]: Bean instantiation via factory method failed; nested exception is org.springframework.beans.BeanInstantiationException: Failed to instantiate [org.springframework.data.cassandra.core.CassandraAdminTemplate]: Factory method 'cassandraTemplate' threw exception; nested exception is org.springframework.beans.factory.UnsatisfiedDependencyException: Error creating bean with name 'cassandraSessionFactory' defined in class path resource [com/example/demo/configuration/CassandraConfig.class]: Unsatisfied dependency expressed through method 'cassandraSessionFactory' parameter 0; nested exception is org.springframework.beans.factory.BeanCreationException: Error creating bean with name 'cassandraSession' defined in class path resource [com/example/demo/configuration/CassandraConfig.class]: Invocation of init method failed; nested exception is com.datastax.oss.driver.api.core.AllNodesFailedException: Could not reach any contact point, make sure you've provided valid addresses (showing first 1 nodes, use getAllErrors() for more): Node(endPoint=localhost:9042, hostId=null, hashCode=63fbc33): [com.datastax.oss.driver.api.core.connection.ConnectionInitException: [s0|control|connecting...] Protocol initialization request, step 1 (OPTIONS): failed to send request (io.netty.channel.StacklessClosedChannelException)]
Caused by: org.springframework.beans.factory.BeanCreationException: Error creating bean with name 'userRepository' defined in com.example.demo.repository.UserRepository defined in @EnableCassandraRepositories declared on CassandraRepositoriesRegistrar.EnableCassandraRepositoriesConfiguration: Cannot resolve reference to bean 'cassandraTemplate' while setting bean property 'cassandraTemplate'; nested exception is org.springframework.beans.factory.BeanCreationException: Error creating bean with name 'cassandraTemplate' defined in class path resource [com/example/demo/configuration/CassandraConfig.class]: Bean instantiation via factory method failed; nested exception is org.springframework.beans.BeanInstantiationException: Failed to instantiate [org.springframework.data.cassandra.core.CassandraAdminTemplate]: Factory method 'cassandraTemplate' threw exception; nested exception is org.springframework.beans.factory.UnsatisfiedDependencyException: Error creating bean with name 'cassandraSessionFactory' defined in class path resource [com/example/demo/configuration/CassandraConfig.class]: Unsatisfied dependency expressed through method 'cassandraSessionFactory' parameter 0; nested exception is org.springframework.beans.factory.BeanCreationException: Error creating bean with name 'cassandraSession' defined in class path resource [com/example/demo/configuration/CassandraConfig.class]: Invocation of init method failed; nested exception is com.datastax.oss.driver.api.core.AllNodesFailedException: Could not reach any contact point, make sure you've provided valid addresses (showing first 1 nodes, use getAllErrors() for more): Node(endPoint=localhost:9042, hostId=null, hashCode=63fbc33): [com.datastax.oss.driver.api.core.connection.ConnectionInitException: [s0|control|connecting...] Protocol initialization request, step 1 (OPTIONS): failed to send request (io.netty.channel.StacklessClosedChannelException)]
Caused by: org.springframework.beans.factory.BeanCreationException: Error creating bean with name 'cassandraTemplate' defined in class path resource [com/example/demo/configuration/CassandraConfig.class]: Bean instantiation via factory method failed; nested exception is org.springframework.beans.BeanInstantiationException: Failed to instantiate [org.springframework.data.cassandra.core.CassandraAdminTemplate]: Factory method 'cassandraTemplate' threw exception; nested exception is org.springframework.beans.factory.UnsatisfiedDependencyException: Error creating bean with name 'cassandraSessionFactory' defined in class path resource [com/example/demo/configuration/CassandraConfig.class]: Unsatisfied dependency expressed through method 'cassandraSessionFactory' parameter 0; nested exception is org.springframework.beans.factory.BeanCreationException: Error creating bean with name 'cassandraSession' defined in class path resource [com/example/demo/configuration/CassandraConfig.class]: Invocation of init method failed; nested exception is com.datastax.oss.driver.api.core.AllNodesFailedException: Could not reach any contact point, make sure you've provided valid addresses (showing first 1 nodes, use getAllErrors() for more): Node(endPoint=localhost:9042, hostId=null, hashCode=63fbc33): [com.datastax.oss.driver.api.core.connection.ConnectionInitException: [s0|control|connecting...] Protocol initialization request, step 1 (OPTIONS): failed to send request (io.netty.channel.StacklessClosedChannelException)]
Caused by: org.springframework.beans.BeanInstantiationException: Failed to instantiate [org.springframework.data.cassandra.core.CassandraAdminTemplate]: Factory method 'cassandraTemplate' threw exception; nested exception is org.springframework.beans.factory.UnsatisfiedDependencyException: Error creating bean with name 'cassandraSessionFactory' defined in class path resource [com/example/demo/configuration/CassandraConfig.class]: Unsatisfied dependency expressed through method 'cassandraSessionFactory' parameter 0; nested exception is org.springframework.beans.factory.BeanCreationException: Error creating bean with name 'cassandraSession' defined in class path resource [com/example/demo/configuration/CassandraConfig.class]: Invocation of init method failed; nested exception is com.datastax.oss.driver.api.core.AllNodesFailedException: Could not reach any contact point, make sure you've provided valid addresses (showing first 1 nodes, use getAllErrors() for more): Node(endPoint=localhost:9042, hostId=null, hashCode=63fbc33): [com.datastax.oss.driver.api.core.connection.ConnectionInitException: [s0|control|connecting...] Protocol initialization request, step 1 (OPTIONS): failed to send request (io.netty.channel.StacklessClosedChannelException)]
Caused by: org.springframework.beans.factory.UnsatisfiedDependencyException: Error creating bean with name 'cassandraSessionFactory' defined in class path resource [com/example/demo/configuration/CassandraConfig.class]: Unsatisfied dependency expressed through method 'cassandraSessionFactory' parameter 0; nested exception is org.springframework.beans.factory.BeanCreationException: Error creating bean with name 'cassandraSession' defined in class path resource [com/example/demo/configuration/CassandraConfig.class]: Invocation of init method failed; nested exception is com.datastax.oss.driver.api.core.AllNodesFailedException: Could not reach any contact point, make sure you've provided valid addresses (showing first 1 nodes, use getAllErrors() for more): Node(endPoint=localhost:9042, hostId=null, hashCode=63fbc33): [com.datastax.oss.driver.api.core.connection.ConnectionInitException: [s0|control|connecting...] Protocol initialization request, step 1 (OPTIONS): failed to send request (io.netty.channel.StacklessClosedChannelException)]
Caused by: org.springframework.beans.factory.BeanCreationException: Error creating bean with name 'cassandraSession' defined in class path resource [com/example/demo/configuration/CassandraConfig.class]: Invocation of init method failed; nested exception is com.datastax.oss.driver.api.core.AllNodesFailedException: Could not reach any contact point, make sure you've provided valid addresses (showing first 1 nodes, use getAllErrors() for more): Node(endPoint=localhost:9042, hostId=null, hashCode=63fbc33): [com.datastax.oss.driver.api.core.connection.ConnectionInitException: [s0|control|connecting...] Protocol initialization request, step 1 (OPTIONS): failed to send request (io.netty.channel.StacklessClosedChannelException)]
Caused by: com.datastax.oss.driver.api.core.AllNodesFailedException: Could not reach any contact point, make sure you've provided valid addresses (showing first 1 nodes, use getAllErrors() for more): Node(endPoint=localhost:9042, hostId=null, hashCode=63fbc33): [com.datastax.oss.driver.api.core.connection.ConnectionInitException: [s0|control|connecting...] Protocol initialization request, step 1 (OPTIONS): failed to send request (io.netty.channel.StacklessClosedChannelException)]

